<?xml version="1.0" encoding="UTF-8"?>
<Site BuildName="(empty)"
	BuildStamp="20240502-0433-Experimental"
	Name="(empty)"
	Generator="ctest-3.28.3"
	CompilerName=""
	CompilerVersion=""
	OSName="Linux"
	Hostname="mikhail-Raider-GE78HX-13VH"
	OSRelease="6.8.0-31-generic"
	OSVersion="#31-Ubuntu SMP PREEMPT_DYNAMIC Sat Apr 20 00:40:06 UTC 2024"
	OSPlatform="x86_64"
	Is64Bits="1"
	VendorString="GenuineIntel"
	VendorID="Intel Corporation"
	FamilyID="6"
	ModelID="183"
	ProcessorCacheSize="36864"
	NumberOfLogicalCPU="32"
	NumberOfPhysicalCPU="24"
	TotalVirtualMemory="0"
	TotalPhysicalMemory="63996"
	LogicalProcessorsPerPhysical="1"
	ProcessorClockFrequency="2109.47"
	>
	<Testing>
		<StartDateTime>May 02 07:33 MSK</StartDateTime>
		<StartTestTime>1714624413</StartTestTime>
		<TestList/>
		<EndDateTime>May 02 07:33 MSK</EndDateTime>
		<EndTestTime>1714624413</EndTestTime>
		<ElapsedMinutes>0</ElapsedMinutes>
	</Testing>
</Site>
