<?xml version="1.0" encoding="UTF-8"?>
<Site BuildName="(empty)"
	BuildStamp="20240316-1518-Experimental"
	Name="(empty)"
	Generator="ctest-3.27.4"
	CompilerName=""
	CompilerVersion=""
	OSName="Linux"
	Hostname="mikhail-Raider-GE78HX-13VH"
	OSRelease="6.5.0-25-generic"
	OSVersion="#25-Ubuntu SMP PREEMPT_DYNAMIC Wed Feb  7 14:58:39 UTC 2024"
	OSPlatform="x86_64"
	Is64Bits="1"
	VendorString="GenuineIntel"
	VendorID="Intel Corporation"
	FamilyID="6"
	ModelID="183"
	ProcessorCacheSize="36864"
	NumberOfLogicalCPU="32"
	NumberOfPhysicalCPU="24"
	TotalVirtualMemory="0"
	TotalPhysicalMemory="63989"
	LogicalProcessorsPerPhysical="1"
	ProcessorClockFrequency="2807.79"
	>
	<Testing>
		<StartDateTime>Mar 16 19:40 MSK</StartDateTime>
		<StartTestTime>1710607219</StartTestTime>
		<TestList/>
		<EndDateTime>Mar 16 19:40 MSK</EndDateTime>
		<EndTestTime>1710607219</EndTestTime>
		<ElapsedMinutes>0</ElapsedMinutes>
	</Testing>
</Site>
