<?xml version="1.0" encoding="UTF-8"?>
<Site BuildName="(empty)"
	BuildStamp="20240408-2215-Experimental"
	Name="(empty)"
	Generator="ctest-3.27.4"
	CompilerName=""
	CompilerVersion=""
	OSName="Linux"
	Hostname="mikhail-Raider-GE78HX-13VH"
	OSRelease="6.5.0-26-generic"
	OSVersion="#26-Ubuntu SMP PREEMPT_DYNAMIC Tue Mar  5 21:19:28 UTC 2024"
	OSPlatform="x86_64"
	Is64Bits="1"
	VendorString="GenuineIntel"
	VendorID="Intel Corporation"
	FamilyID="6"
	ModelID="183"
	ProcessorCacheSize="36864"
	NumberOfLogicalCPU="32"
	NumberOfPhysicalCPU="24"
	TotalVirtualMemory="0"
	TotalPhysicalMemory="63989"
	LogicalProcessorsPerPhysical="1"
	ProcessorClockFrequency="3120.59"
	>
	<Testing>
		<StartDateTime>Apr 09 02:12 MSK</StartDateTime>
		<StartTestTime>1712617972</StartTestTime>
		<TestList/>
		<EndDateTime>Apr 09 02:12 MSK</EndDateTime>
		<EndTestTime>1712617972</EndTestTime>
		<ElapsedMinutes>0</ElapsedMinutes>
	</Testing>
</Site>
